Arguments: 
  C:\Program Files\nodejs\node.exe C:\Users\predrags\AppData\Roaming\npm\node_modules\yarn\bin\yarn.js

PATH: 
  C:\Cadence\SPB_17.2\OpenAccess\bin\x64\opt;C:\Cadence\SPB_17.2\tools\bin;C:\windows\System32\WindowsPowerShell\v1.0;C:\windows;C:\windows\System32\Wbem;C:\windows\system32;C:\Oracle\instantclient;C:\Program Files (x86)\Common Files\Oracle\Java\javapath;C:\Program Files (x86)\Intel\Intel(R) Management Engine Components\DAL;C:\Program Files (x86)\Intel\Intel(R) Management Engine Components\iCLS;C:\Program Files (x86)\Webex\Webex\Applications;C:\Program Files\CMake\bin;C:\Program Files\Common Files\Intel\WirelessCommon;C:\Program Files\Git\cmd;C:\Program Files\Intel\Intel(R) Management Engine Components\DAL;C:\Program Files\Intel\Intel(R) Management Engine Components\iCLS;C:\Program Files\Intel\WiFi\bin;C:\Program Files\MongoDB\Server\3.4\bin;C:\Program Files\Perforce;C:\Program Files\TortoiseGit\bin;C:\Program Files\nodejs;C:\Program Files\osquery;C:\Python27;C:\Program Files\MongoDB\Server\3.6\bin;C:\Ruby26-x64\bin;C:\Oracle\instantclient\;C:\Program Files\JetBrains\WebStorm 2019.2\bin;;C:\Users\predrags\AppData\Roaming\npm;C:\Users\predrags\AppData\Local\Microsoft\WindowsApps

Yarn version: 
  1.3.2

Node version: 
  8.11.4

Platform: 
  win32 x64

npm manifest: 
  {
  	"name": "resynkd-poc1-client",
  	"version": "0.0.1",
  	"description": "reactive asynchronous web - poc1 client",
  	"main": "index.js",
  	"scripts": {
  		"watch": "watchify client.js -o static/bundle.js",
  		"build": "browserify client.js -o static/bundle.js",
  		"test": "echo \"Error: no test specified\" && exit 1"
  	},
  	"author": "Predrag Stojadinovic",
  	"license": "UNLICENSED",
  	"dependencies": {
  		"lodash": "^4.17.15",
  		"redux": "^4.0.4",
  		"redux-undo": "^0.6.1",
  		"rxjs": "^6.5.3"
  	},
  	"devDependencies": {
  		"browserify": "^16.5.0",
  		"watchify": "^3.11.1"
  	}
  }

yarn manifest: 
  No manifest

Lockfile: 
  # THIS IS AN AUTOGENERATED FILE. DO NOT EDIT THIS FILE DIRECTLY.
  # yarn lockfile v1
  
  
  JSONStream@^1.0.3:
    version "1.3.5"
    resolved "https://registry.yarnpkg.com/JSONStream/-/JSONStream-1.3.5.tgz#3208c1f08d3a4d99261ab64f92302bc15e111ca0"
    dependencies:
      jsonparse "^1.2.0"
      through ">=2.2.7 <3"
  
  abbrev@1:
    version "1.1.1"
    resolved "https://registry.yarnpkg.com/abbrev/-/abbrev-1.1.1.tgz#f8f2c887ad10bf67f634f005b6987fed3179aac8"
  
  acorn-node@^1.2.0, acorn-node@^1.3.0, acorn-node@^1.5.2, acorn-node@^1.6.1:
    version "1.8.2"
    resolved "https://registry.yarnpkg.com/acorn-node/-/acorn-node-1.8.2.tgz#114c95d64539e53dede23de8b9d96df7c7ae2af8"
    dependencies:
      acorn "^7.0.0"
      acorn-walk "^7.0.0"
      xtend "^4.0.2"
  
  acorn-walk@^7.0.0:
    version "7.0.0"
    resolved "https://registry.yarnpkg.com/acorn-walk/-/acorn-walk-7.0.0.tgz#c8ba6f0f1aac4b0a9e32d1f0af12be769528f36b"
  
  acorn@^7.0.0:
    version "7.1.0"
    resolved "https://registry.yarnpkg.com/acorn/-/acorn-7.1.0.tgz#949d36f2c292535da602283586c2477c57eb2d6c"
  
  ansi-regex@^2.0.0:
    version "2.1.1"
    resolved "https://registry.yarnpkg.com/ansi-regex/-/ansi-regex-2.1.1.tgz#c3b33ab5ee360d86e0e628f0468ae7ef27d654df"
  
  ansi-regex@^3.0.0:
    version "3.0.0"
    resolved "https://registry.yarnpkg.com/ansi-regex/-/ansi-regex-3.0.0.tgz#ed0317c322064f79466c02966bddb605ab37d998"
  
  anymatch@^2.0.0:
    version "2.0.0"
    resolved "https://registry.yarnpkg.com/anymatch/-/anymatch-2.0.0.tgz#bcb24b4f37934d9aa7ac17b4adaf89e7c76ef2eb"
    dependencies:
      micromatch "^3.1.4"
      normalize-path "^2.1.1"
  
  aproba@^1.0.3:
    version "1.2.0"
    resolved "https://registry.yarnpkg.com/aproba/-/aproba-1.2.0.tgz#6802e6264efd18c790a1b0d517f0f2627bf2c94a"
  
  are-we-there-yet@~1.1.2:
    version "1.1.5"
    resolved "https://registry.yarnpkg.com/are-we-there-yet/-/are-we-there-yet-1.1.5.tgz#4b35c2944f062a8bfcda66410760350fe9ddfc21"
    dependencies:
      delegates "^1.0.0"
      readable-stream "^2.0.6"
  
  arr-diff@^4.0.0:
    version "4.0.0"
    resolved "https://registry.yarnpkg.com/arr-diff/-/arr-diff-4.0.0.tgz#d6461074febfec71e7e15235761a329a5dc7c520"
  
  arr-flatten@^1.1.0:
    version "1.1.0"
    resolved "https://registry.yarnpkg.com/arr-flatten/-/arr-flatten-1.1.0.tgz#36048bbff4e7b47e136644316c99669ea5ae91f1"
  
  arr-union@^3.1.0:
    version "3.1.0"
    resolved "https://registry.yarnpkg.com/arr-union/-/arr-union-3.1.0.tgz#e39b09aea9def866a8f206e288af63919bae39c4"
  
  array-unique@^0.3.2:
    version "0.3.2"
    resolved "https://registry.yarnpkg.com/array-unique/-/array-unique-0.3.2.tgz#a894b75d4bc4f6cd679ef3244a9fd8f46ae2d428"
  
  asn1.js@^4.0.0:
    version "4.10.1"
    resolved "https://registry.yarnpkg.com/asn1.js/-/asn1.js-4.10.1.tgz#b9c2bf5805f1e64aadeed6df3a2bfafb5a73f5a0"
    dependencies:
      bn.js "^4.0.0"
      inherits "^2.0.1"
      minimalistic-assert "^1.0.0"
  
  assert@^1.4.0:
    version "1.5.0"
    resolved "https://registry.yarnpkg.com/assert/-/assert-1.5.0.tgz#55c109aaf6e0aefdb3dc4b71240c70bf574b18eb"
    dependencies:
      object-assign "^4.1.1"
      util "0.10.3"
  
  assign-symbols@^1.0.0:
    version "1.0.0"
    resolved "https://registry.yarnpkg.com/assign-symbols/-/assign-symbols-1.0.0.tgz#59667f41fadd4f20ccbc2bb96b8d4f7f78ec0367"
  
  async-each@^1.0.1:
    version "1.0.3"
    resolved "https://registry.yarnpkg.com/async-each/-/async-each-1.0.3.tgz#b727dbf87d7651602f06f4d4ac387f47d91b0cbf"
  
  atob@^2.1.1:
    version "2.1.2"
    resolved "https://registry.yarnpkg.com/atob/-/atob-2.1.2.tgz#6d9517eb9e030d2436666651e86bd9f6f13533c9"
  
  balanced-match@^1.0.0:
    version "1.0.0"
    resolved "https://registry.yarnpkg.com/balanced-match/-/balanced-match-1.0.0.tgz#89b4d199ab2bee49de164ea02b89ce462d71b767"
  
  base64-js@^1.0.2:
    version "1.3.1"
    resolved "https://registry.yarnpkg.com/base64-js/-/base64-js-1.3.1.tgz#58ece8cb75dd07e71ed08c736abc5fac4dbf8df1"
  
  base@^0.11.1:
    version "0.11.2"
    resolved "https://registry.yarnpkg.com/base/-/base-0.11.2.tgz#7bde5ced145b6d551a90db87f83c558b4eb48a8f"
    dependencies:
      cache-base "^1.0.1"
      class-utils "^0.3.5"
      component-emitter "^1.2.1"
      define-property "^1.0.0"
      isobject "^3.0.1"
      mixin-deep "^1.2.0"
      pascalcase "^0.1.1"
  
  binary-extensions@^1.0.0:
    version "1.13.1"
    resolved "https://registry.yarnpkg.com/binary-extensions/-/binary-extensions-1.13.1.tgz#598afe54755b2868a5330d2aff9d4ebb53209b65"
  
  bn.js@^4.0.0, bn.js@^4.1.0, bn.js@^4.1.1, bn.js@^4.4.0:
    version "4.11.8"
    resolved "https://registry.yarnpkg.com/bn.js/-/bn.js-4.11.8.tgz#2cde09eb5ee341f484746bb0309b3253b1b1442f"
  
  brace-expansion@^1.1.7:
    version "1.1.11"
    resolved "https://registry.yarnpkg.com/brace-expansion/-/brace-expansion-1.1.11.tgz#3c7fcbf529d87226f3d2f52b966ff5271eb441dd"
    dependencies:
      balanced-match "^1.0.0"
      concat-map "0.0.1"
  
  braces@^2.3.1, braces@^2.3.2:
    version "2.3.2"
    resolved "https://registry.yarnpkg.com/braces/-/braces-2.3.2.tgz#5979fd3f14cd531565e5fa2df1abfff1dfaee729"
    dependencies:
      arr-flatten "^1.1.0"
      array-unique "^0.3.2"
      extend-shallow "^2.0.1"
      fill-range "^4.0.0"
      isobject "^3.0.1"
      repeat-element "^1.1.2"
      snapdragon "^0.8.1"
      snapdragon-node "^2.0.1"
      split-string "^3.0.2"
      to-regex "^3.0.1"
  
  brorand@^1.0.1:
    version "1.1.0"
    resolved "https://registry.yarnpkg.com/brorand/-/brorand-1.1.0.tgz#12c25efe40a45e3c323eb8675a0a0ce57b22371f"
  
  browser-pack@^6.0.1:
    version "6.1.0"
    resolved "https://registry.yarnpkg.com/browser-pack/-/browser-pack-6.1.0.tgz#c34ba10d0b9ce162b5af227c7131c92c2ecd5774"
    dependencies:
      JSONStream "^1.0.3"
      combine-source-map "~0.8.0"
      defined "^1.0.0"
      safe-buffer "^5.1.1"
      through2 "^2.0.0"
      umd "^3.0.0"
  
  browser-resolve@^1.11.0, browser-resolve@^1.7.0:
    version "1.11.3"
    resolved "https://registry.yarnpkg.com/browser-resolve/-/browser-resolve-1.11.3.tgz#9b7cbb3d0f510e4cb86bdbd796124d28b5890af6"
    dependencies:
      resolve "1.1.7"
  
  browserify-aes@^1.0.0, browserify-aes@^1.0.4:
    version "1.2.0"
    resolved "https://registry.yarnpkg.com/browserify-aes/-/browserify-aes-1.2.0.tgz#326734642f403dabc3003209853bb70ad428ef48"
    dependencies:
      buffer-xor "^1.0.3"
      cipher-base "^1.0.0"
      create-hash "^1.1.0"
      evp_bytestokey "^1.0.3"
      inherits "^2.0.1"
      safe-buffer "^5.0.1"
  
  browserify-cipher@^1.0.0:
    version "1.0.1"
    resolved "https://registry.yarnpkg.com/browserify-cipher/-/browserify-cipher-1.0.1.tgz#8d6474c1b870bfdabcd3bcfcc1934a10e94f15f0"
    dependencies:
      browserify-aes "^1.0.4"
      browserify-des "^1.0.0"
      evp_bytestokey "^1.0.0"
  
  browserify-des@^1.0.0:
    version "1.0.2"
    resolved "https://registry.yarnpkg.com/browserify-des/-/browserify-des-1.0.2.tgz#3af4f1f59839403572f1c66204375f7a7f703e9c"
    dependencies:
      cipher-base "^1.0.1"
      des.js "^1.0.0"
      inherits "^2.0.1"
      safe-buffer "^5.1.2"
  
  browserify-rsa@^4.0.0:
    version "4.0.1"
    resolved "https://registry.yarnpkg.com/browserify-rsa/-/browserify-rsa-4.0.1.tgz#21e0abfaf6f2029cf2fafb133567a701d4135524"
    dependencies:
      bn.js "^4.1.0"
      randombytes "^2.0.1"
  
  browserify-sign@^4.0.0:
    version "4.0.4"
    resolved "https://registry.yarnpkg.com/browserify-sign/-/browserify-sign-4.0.4.tgz#aa4eb68e5d7b658baa6bf6a57e630cbd7a93d298"
    dependencies:
      bn.js "^4.1.1"
      browserify-rsa "^4.0.0"
      create-hash "^1.1.0"
      create-hmac "^1.1.2"
      elliptic "^6.0.0"
      inherits "^2.0.1"
      parse-asn1 "^5.0.0"
  
  browserify-zlib@~0.2.0:
    version "0.2.0"
    resolved "https://registry.yarnpkg.com/browserify-zlib/-/browserify-zlib-0.2.0.tgz#2869459d9aa3be245fe8fe2ca1f46e2e7f54d73f"
    dependencies:
      pako "~1.0.5"
  
  browserify@^16.1.0, browserify@^16.5.0:
    version "16.5.0"
    resolved "https://registry.yarnpkg.com/browserify/-/browserify-16.5.0.tgz#a1c2bc0431bec11fd29151941582e3f645ede881"
    dependencies:
      JSONStream "^1.0.3"
      assert "^1.4.0"
      browser-pack "^6.0.1"
      browser-resolve "^1.11.0"
      browserify-zlib "~0.2.0"
      buffer "^5.0.2"
      cached-path-relative "^1.0.0"
      concat-stream "^1.6.0"
      console-browserify "^1.1.0"
      constants-browserify "~1.0.0"
      crypto-browserify "^3.0.0"
      defined "^1.0.0"
      deps-sort "^2.0.0"
      domain-browser "^1.2.0"
      duplexer2 "~0.1.2"
      events "^2.0.0"
      glob "^7.1.0"
      has "^1.0.0"
      htmlescape "^1.1.0"
      https-browserify "^1.0.0"
      inherits "~2.0.1"
      insert-module-globals "^7.0.0"
      labeled-stream-splicer "^2.0.0"
      mkdirp "^0.5.0"
      module-deps "^6.0.0"
      os-browserify "~0.3.0"
      parents "^1.0.1"
      path-browserify "~0.0.0"
      process "~0.11.0"
      punycode "^1.3.2"
      querystring-es3 "~0.2.0"
      read-only-stream "^2.0.0"
      readable-stream "^2.0.2"
      resolve "^1.1.4"
      shasum "^1.0.0"
      shell-quote "^1.6.1"
      stream-browserify "^2.0.0"
      stream-http "^3.0.0"
      string_decoder "^1.1.1"
      subarg "^1.0.0"
      syntax-error "^1.1.1"
      through2 "^2.0.0"
      timers-browserify "^1.0.1"
      tty-browserify "0.0.1"
      url "~0.11.0"
      util "~0.10.1"
      vm-browserify "^1.0.0"
      xtend "^4.0.0"
  
  buffer-from@^1.0.0:
    version "1.1.1"
    resolved "https://registry.yarnpkg.com/buffer-from/-/buffer-from-1.1.1.tgz#32713bc028f75c02fdb710d7c7bcec1f2c6070ef"
  
  buffer-xor@^1.0.3:
    version "1.0.3"
    resolved "https://registry.yarnpkg.com/buffer-xor/-/buffer-xor-1.0.3.tgz#26e61ed1422fb70dd42e6e36729ed51d855fe8d9"
  
  buffer@^5.0.2:
    version "5.4.3"
    resolved "https://registry.yarnpkg.com/buffer/-/buffer-5.4.3.tgz#3fbc9c69eb713d323e3fc1a895eee0710c072115"
    dependencies:
      base64-js "^1.0.2"
      ieee754 "^1.1.4"
  
  builtin-status-codes@^3.0.0:
    version "3.0.0"
    resolved "https://registry.yarnpkg.com/builtin-status-codes/-/builtin-status-codes-3.0.0.tgz#85982878e21b98e1c66425e03d0174788f569ee8"
  
  cache-base@^1.0.1:
    version "1.0.1"
    resolved "https://registry.yarnpkg.com/cache-base/-/cache-base-1.0.1.tgz#0a7f46416831c8b662ee36fe4e7c59d76f666ab2"
    dependencies:
      collection-visit "^1.0.0"
      component-emitter "^1.2.1"
      get-value "^2.0.6"
      has-value "^1.0.0"
      isobject "^3.0.1"
      set-value "^2.0.0"
      to-object-path "^0.3.0"
      union-value "^1.0.0"
      unset-value "^1.0.0"
  
  cached-path-relative@^1.0.0, cached-path-relative@^1.0.2:
    version "1.0.2"
    resolved "https://registry.yarnpkg.com/cached-path-relative/-/cached-path-relative-1.0.2.tgz#a13df4196d26776220cc3356eb147a52dba2c6db"
  
  chokidar@^2.1.1:
    version "2.1.8"
    resolved "https://registry.yarnpkg.com/chokidar/-/chokidar-2.1.8.tgz#804b3a7b6a99358c3c5c61e71d8728f041cff917"
    dependencies:
      anymatch "^2.0.0"
      async-each "^1.0.1"
      braces "^2.3.2"
      glob-parent "^3.1.0"
      inherits "^2.0.3"
      is-binary-path "^1.0.0"
      is-glob "^4.0.0"
      normalize-path "^3.0.0"
      path-is-absolute "^1.0.0"
      readdirp "^2.2.1"
      upath "^1.1.1"
    optionalDependencies:
      fsevents "^1.2.7"
  
  chownr@^1.1.1:
    version "1.1.3"
    resolved "https://registry.yarnpkg.com/chownr/-/chownr-1.1.3.tgz#42d837d5239688d55f303003a508230fa6727142"
  
  cipher-base@^1.0.0, cipher-base@^1.0.1, cipher-base@^1.0.3:
    version "1.0.4"
    resolved "https://registry.yarnpkg.com/cipher-base/-/cipher-base-1.0.4.tgz#8760e4ecc272f4c363532f926d874aae2c1397de"
    dependencies:
      inherits "^2.0.1"
      safe-buffer "^5.0.1"
  
  class-utils@^0.3.5:
    version "0.3.6"
    resolved "https://registry.yarnpkg.com/class-utils/-/class-utils-0.3.6.tgz#f93369ae8b9a7ce02fd41faad0ca83033190c463"
    dependencies:
      arr-union "^3.1.0"
      define-property "^0.2.5"
      isobject "^3.0.0"
      static-extend "^0.1.1"
  
  code-point-at@^1.0.0:
    version "1.1.0"
    resolved "https://registry.yarnpkg.com/code-point-at/-/code-point-at-1.1.0.tgz#0d070b4d043a5bea33a2f1a40e2edb3d9a4ccf77"
  
  collection-visit@^1.0.0:
    version "1.0.0"
    resolved "https://registry.yarnpkg.com/collection-visit/-/collection-visit-1.0.0.tgz#4bc0373c164bc3291b4d368c829cf1a80a59dca0"
    dependencies:
      map-visit "^1.0.0"
      object-visit "^1.0.0"
  
  combine-source-map@^0.8.0, combine-source-map@~0.8.0:
    version "0.8.0"
    resolved "https://registry.yarnpkg.com/combine-source-map/-/combine-source-map-0.8.0.tgz#a58d0df042c186fcf822a8e8015f5450d2d79a8b"
    dependencies:
      convert-source-map "~1.1.0"
      inline-source-map "~0.6.0"
      lodash.memoize "~3.0.3"
      source-map "~0.5.3"
  
  component-emitter@^1.2.1:
    version "1.3.0"
    resolved "https://registry.yarnpkg.com/component-emitter/-/component-emitter-1.3.0.tgz#16e4070fba8ae29b679f2215853ee181ab2eabc0"
  
  concat-map@0.0.1:
    version "0.0.1"
    resolved "https://registry.yarnpkg.com/concat-map/-/concat-map-0.0.1.tgz#d8a96bd77fd68df7793a73036a3ba0d5405d477b"
  
  concat-stream@^1.6.0, concat-stream@^1.6.1, concat-stream@~1.6.0:
    version "1.6.2"
    resolved "https://registry.yarnpkg.com/concat-stream/-/concat-stream-1.6.2.tgz#904bdf194cd3122fc675c77fc4ac3d4ff0fd1a34"
    dependencies:
      buffer-from "^1.0.0"
      inherits "^2.0.3"
      readable-stream "^2.2.2"
      typedarray "^0.0.6"
  
  console-browserify@^1.1.0:
    version "1.2.0"
    resolved "https://registry.yarnpkg.com/console-browserify/-/console-browserify-1.2.0.tgz#67063cef57ceb6cf4993a2ab3a55840ae8c49336"
  
  console-control-strings@^1.0.0, console-control-strings@~1.1.0:
    version "1.1.0"
    resolved "https://registry.yarnpkg.com/console-control-strings/-/console-control-strings-1.1.0.tgz#3d7cf4464db6446ea644bf4b39507f9851008e8e"
  
  constants-browserify@~1.0.0:
    version "1.0.0"
    resolved "https://registry.yarnpkg.com/constants-browserify/-/constants-browserify-1.0.0.tgz#c20b96d8c617748aaf1c16021760cd27fcb8cb75"
  
  convert-source-map@~1.1.0:
    version "1.1.3"
    resolved "https://registry.yarnpkg.com/convert-source-map/-/convert-source-map-1.1.3.tgz#4829c877e9fe49b3161f3bf3673888e204699860"
  
  copy-descriptor@^0.1.0:
    version "0.1.1"
    resolved "https://registry.yarnpkg.com/copy-descriptor/-/copy-descriptor-0.1.1.tgz#676f6eb3c39997c2ee1ac3a924fd6124748f578d"
  
  core-util-is@~1.0.0:
    version "1.0.2"
    resolved "https://registry.yarnpkg.com/core-util-is/-/core-util-is-1.0.2.tgz#b5fd54220aa2bc5ab57aab7140c940754503c1a7"
  
  create-ecdh@^4.0.0:
    version "4.0.3"
    resolved "https://registry.yarnpkg.com/create-ecdh/-/create-ecdh-4.0.3.tgz#c9111b6f33045c4697f144787f9254cdc77c45ff"
    dependencies:
      bn.js "^4.1.0"
      elliptic "^6.0.0"
  
  create-hash@^1.1.0, create-hash@^1.1.2:
    version "1.2.0"
    resolved "https://registry.yarnpkg.com/create-hash/-/create-hash-1.2.0.tgz#889078af11a63756bcfb59bd221996be3a9ef196"
    dependencies:
      cipher-base "^1.0.1"
      inherits "^2.0.1"
      md5.js "^1.3.4"
      ripemd160 "^2.0.1"
      sha.js "^2.4.0"
  
  create-hmac@^1.1.0, create-hmac@^1.1.2, create-hmac@^1.1.4:
    version "1.1.7"
    resolved "https://registry.yarnpkg.com/create-hmac/-/create-hmac-1.1.7.tgz#69170c78b3ab957147b2b8b04572e47ead2243ff"
    dependencies:
      cipher-base "^1.0.3"
      create-hash "^1.1.0"
      inherits "^2.0.1"
      ripemd160 "^2.0.0"
      safe-buffer "^5.0.1"
      sha.js "^2.4.8"
  
  crypto-browserify@^3.0.0:
    version "3.12.0"
    resolved "https://registry.yarnpkg.com/crypto-browserify/-/crypto-browserify-3.12.0.tgz#396cf9f3137f03e4b8e532c58f698254e00f80ec"
    dependencies:
      browserify-cipher "^1.0.0"
      browserify-sign "^4.0.0"
      create-ecdh "^4.0.0"
      create-hash "^1.1.0"
      create-hmac "^1.1.0"
      diffie-hellman "^5.0.0"
      inherits "^2.0.1"
      pbkdf2 "^3.0.3"
      public-encrypt "^4.0.0"
      randombytes "^2.0.0"
      randomfill "^1.0.3"
  
  dash-ast@^1.0.0:
    version "1.0.0"
    resolved "https://registry.yarnpkg.com/dash-ast/-/dash-ast-1.0.0.tgz#12029ba5fb2f8aa6f0a861795b23c1b4b6c27d37"
  
  debug@^2.2.0, debug@^2.3.3:
    version "2.6.9"
    resolved "https://registry.yarnpkg.com/debug/-/debug-2.6.9.tgz#5d128515df134ff327e90a4c93f4e077a536341f"
    dependencies:
      ms "2.0.0"
  
  debug@^3.2.6:
    version "3.2.6"
    resolved "https://registry.yarnpkg.com/debug/-/debug-3.2.6.tgz#e83d17de16d8a7efb7717edbe5fb10135eee629b"
    dependencies:
      ms "^2.1.1"
  
  decode-uri-component@^0.2.0:
    version "0.2.0"
    resolved "https://registry.yarnpkg.com/decode-uri-component/-/decode-uri-component-0.2.0.tgz#eb3913333458775cb84cd1a1fae062106bb87545"
  
  deep-extend@^0.6.0:
    version "0.6.0"
    resolved "https://registry.yarnpkg.com/deep-extend/-/deep-extend-0.6.0.tgz#c4fa7c95404a17a9c3e8ca7e1537312b736330ac"
  
  define-property@^0.2.5:
    version "0.2.5"
    resolved "https://registry.yarnpkg.com/define-property/-/define-property-0.2.5.tgz#c35b1ef918ec3c990f9a5bc57be04aacec5c8116"
    dependencies:
      is-descriptor "^0.1.0"
  
  define-property@^1.0.0:
    version "1.0.0"
    resolved "https://registry.yarnpkg.com/define-property/-/define-property-1.0.0.tgz#769ebaaf3f4a63aad3af9e8d304c9bbe79bfb0e6"
    dependencies:
      is-descriptor "^1.0.0"
  
  define-property@^2.0.2:
    version "2.0.2"
    resolved "https://registry.yarnpkg.com/define-property/-/define-property-2.0.2.tgz#d459689e8d654ba77e02a817f8710d702cb16e9d"
    dependencies:
      is-descriptor "^1.0.2"
      isobject "^3.0.1"
  
  defined@^1.0.0:
    version "1.0.0"
    resolved "https://registry.yarnpkg.com/defined/-/defined-1.0.0.tgz#c98d9bcef75674188e110969151199e39b1fa693"
  
  delegates@^1.0.0:
    version "1.0.0"
    resolved "https://registry.yarnpkg.com/delegates/-/delegates-1.0.0.tgz#84c6e159b81904fdca59a0ef44cd870d31250f9a"
  
  deps-sort@^2.0.0:
    version "2.0.1"
    resolved "https://registry.yarnpkg.com/deps-sort/-/deps-sort-2.0.1.tgz#9dfdc876d2bcec3386b6829ac52162cda9fa208d"
    dependencies:
      JSONStream "^1.0.3"
      shasum-object "^1.0.0"
      subarg "^1.0.0"
      through2 "^2.0.0"
  
  des.js@^1.0.0:
    version "1.0.1"
    resolved "https://registry.yarnpkg.com/des.js/-/des.js-1.0.1.tgz#5382142e1bdc53f85d86d53e5f4aa7deb91e0843"
    dependencies:
      inherits "^2.0.1"
      minimalistic-assert "^1.0.0"
  
  detect-libc@^1.0.2:
    version "1.0.3"
    resolved "https://registry.yarnpkg.com/detect-libc/-/detect-libc-1.0.3.tgz#fa137c4bd698edf55cd5cd02ac559f91a4c4ba9b"
  
  detective@^5.0.2:
    version "5.2.0"
    resolved "https://registry.yarnpkg.com/detective/-/detective-5.2.0.tgz#feb2a77e85b904ecdea459ad897cc90a99bd2a7b"
    dependencies:
      acorn-node "^1.6.1"
      defined "^1.0.0"
      minimist "^1.1.1"
  
  diffie-hellman@^5.0.0:
    version "5.0.3"
    resolved "https://registry.yarnpkg.com/diffie-hellman/-/diffie-hellman-5.0.3.tgz#40e8ee98f55a2149607146921c63e1ae5f3d2875"
    dependencies:
      bn.js "^4.1.0"
      miller-rabin "^4.0.0"
      randombytes "^2.0.0"
  
  domain-browser@^1.2.0:
    version "1.2.0"
    resolved "https://registry.yarnpkg.com/domain-browser/-/domain-browser-1.2.0.tgz#3d31f50191a6749dd1375a7f522e823d42e54eda"
  
  duplexer2@^0.1.2, duplexer2@~0.1.0, duplexer2@~0.1.2:
    version "0.1.4"
    resolved "https://registry.yarnpkg.com/duplexer2/-/duplexer2-0.1.4.tgz#8b12dab878c0d69e3e7891051662a32fc6bddcc1"
    dependencies:
      readable-stream "^2.0.2"
  
  elliptic@^6.0.0:
    version "6.5.2"
    resolved "https://registry.yarnpkg.com/elliptic/-/elliptic-6.5.2.tgz#05c5678d7173c049d8ca433552224a495d0e3762"
    dependencies:
      bn.js "^4.4.0"
      brorand "^1.0.1"
      hash.js "^1.0.0"
      hmac-drbg "^1.0.0"
      inherits "^2.0.1"
      minimalistic-assert "^1.0.0"
      minimalistic-crypto-utils "^1.0.0"
  
  events@^2.0.0:
    version "2.1.0"
    resolved "https://registry.yarnpkg.com/events/-/events-2.1.0.tgz#2a9a1e18e6106e0e812aa9ebd4a819b3c29c0ba5"
  
  evp_bytestokey@^1.0.0, evp_bytestokey@^1.0.3:
    version "1.0.3"
    resolved "https://registry.yarnpkg.com/evp_bytestokey/-/evp_bytestokey-1.0.3.tgz#7fcbdb198dc71959432efe13842684e0525acb02"
    dependencies:
      md5.js "^1.3.4"
      safe-buffer "^5.1.1"
  
  expand-brackets@^2.1.4:
    version "2.1.4"
    resolved "https://registry.yarnpkg.com/expand-brackets/-/expand-brackets-2.1.4.tgz#b77735e315ce30f6b6eff0f83b04151a22449622"
    dependencies:
      debug "^2.3.3"
      define-property "^0.2.5"
      extend-shallow "^2.0.1"
      posix-character-classes "^0.1.0"
      regex-not "^1.0.0"
      snapdragon "^0.8.1"
      to-regex "^3.0.1"
  
  extend-shallow@^2.0.1:
    version "2.0.1"
    resolved "https://registry.yarnpkg.com/extend-shallow/-/extend-shallow-2.0.1.tgz#51af7d614ad9a9f610ea1bafbb989d6b1c56890f"
    dependencies:
      is-extendable "^0.1.0"
  
  extend-shallow@^3.0.0, extend-shallow@^3.0.2:
    version "3.0.2"
    resolved "https://registry.yarnpkg.com/extend-shallow/-/extend-shallow-3.0.2.tgz#26a71aaf073b39fb2127172746131c2704028db8"
    dependencies:
      assign-symbols "^1.0.0"
      is-extendable "^1.0.1"
  
  extglob@^2.0.4:
    version "2.0.4"
    resolved "https://registry.yarnpkg.com/extglob/-/extglob-2.0.4.tgz#ad00fe4dc612a9232e8718711dc5cb5ab0285543"
    dependencies:
      array-unique "^0.3.2"
      define-property "^1.0.0"
      expand-brackets "^2.1.4"
      extend-shallow "^2.0.1"
      fragment-cache "^0.2.1"
      regex-not "^1.0.0"
      snapdragon "^0.8.1"
      to-regex "^3.0.1"
  
  fast-safe-stringify@^2.0.7:
    version "2.0.7"
    resolved "https://registry.yarnpkg.com/fast-safe-stringify/-/fast-safe-stringify-2.0.7.tgz#124aa885899261f68aedb42a7c080de9da608743"
  
  fill-range@^4.0.0:
    version "4.0.0"
    resolved "https://registry.yarnpkg.com/fill-range/-/fill-range-4.0.0.tgz#d544811d428f98eb06a63dc402d2403c328c38f7"
    dependencies:
      extend-shallow "^2.0.1"
      is-number "^3.0.0"
      repeat-string "^1.6.1"
      to-regex-range "^2.1.0"
  
  for-in@^1.0.2:
    version "1.0.2"
    resolved "https://registry.yarnpkg.com/for-in/-/for-in-1.0.2.tgz#81068d295a8142ec0ac726c6e2200c30fb6d5e80"
  
  fragment-cache@^0.2.1:
    version "0.2.1"
    resolved "https://registry.yarnpkg.com/fragment-cache/-/fragment-cache-0.2.1.tgz#4290fad27f13e89be7f33799c6bc5a0abfff0d19"
    dependencies:
      map-cache "^0.2.2"
  
  fs-minipass@^1.2.5:
    version "1.2.7"
    resolved "https://registry.yarnpkg.com/fs-minipass/-/fs-minipass-1.2.7.tgz#ccff8570841e7fe4265693da88936c55aed7f7c7"
    dependencies:
      minipass "^2.6.0"
  
  fs.realpath@^1.0.0:
    version "1.0.0"
    resolved "https://registry.yarnpkg.com/fs.realpath/-/fs.realpath-1.0.0.tgz#1504ad2523158caa40db4a2787cb01411994ea4f"
  
  fsevents@^1.2.7:
    version "1.2.9"
    resolved "https://registry.yarnpkg.com/fsevents/-/fsevents-1.2.9.tgz#3f5ed66583ccd6f400b5a00db6f7e861363e388f"
    dependencies:
      nan "^2.12.1"
      node-pre-gyp "^0.12.0"
  
  function-bind@^1.1.1:
    version "1.1.1"
    resolved "https://registry.yarnpkg.com/function-bind/-/function-bind-1.1.1.tgz#a56899d3ea3c9bab874bb9773b7c5ede92f4895d"
  
  gauge@~2.7.3:
    version "2.7.4"
    resolved "https://registry.yarnpkg.com/gauge/-/gauge-2.7.4.tgz#2c03405c7538c39d7eb37b317022e325fb018bf7"
    dependencies:
      aproba "^1.0.3"
      console-control-strings "^1.0.0"
      has-unicode "^2.0.0"
      object-assign "^4.1.0"
      signal-exit "^3.0.0"
      string-width "^1.0.1"
      strip-ansi "^3.0.1"
      wide-align "^1.1.0"
  
  get-assigned-identifiers@^1.2.0:
    version "1.2.0"
    resolved "https://registry.yarnpkg.com/get-assigned-identifiers/-/get-assigned-identifiers-1.2.0.tgz#6dbf411de648cbaf8d9169ebb0d2d576191e2ff1"
  
  get-value@^2.0.3, get-value@^2.0.6:
    version "2.0.6"
    resolved "https://registry.yarnpkg.com/get-value/-/get-value-2.0.6.tgz#dc15ca1c672387ca76bd37ac0a395ba2042a2c28"
  
  glob-parent@^3.1.0:
    version "3.1.0"
    resolved "https://registry.yarnpkg.com/glob-parent/-/glob-parent-3.1.0.tgz#9e6af6299d8d3bd2bd40430832bd113df906c5ae"
    dependencies:
      is-glob "^3.1.0"
      path-dirname "^1.0.0"
  
  glob@^7.1.0, glob@^7.1.3:
    version "7.1.6"
    resolved "https://registry.yarnpkg.com/glob/-/glob-7.1.6.tgz#141f33b81a7c2492e125594307480c46679278a6"
    dependencies:
      fs.realpath "^1.0.0"
      inflight "^1.0.4"
      inherits "2"
      minimatch "^3.0.4"
      once "^1.3.0"
      path-is-absolute "^1.0.0"
  
  graceful-fs@^4.1.11:
    version "4.2.3"
    resolved "https://registry.yarnpkg.com/graceful-fs/-/graceful-fs-4.2.3.tgz#4a12ff1b60376ef09862c2093edd908328be8423"
  
  has-unicode@^2.0.0:
    version "2.0.1"
    resolved "https://registry.yarnpkg.com/has-unicode/-/has-unicode-2.0.1.tgz#e0e6fe6a28cf51138855e086d1691e771de2a8b9"
  
  has-value@^0.3.1:
    version "0.3.1"
    resolved "https://registry.yarnpkg.com/has-value/-/has-value-0.3.1.tgz#7b1f58bada62ca827ec0a2078025654845995e1f"
    dependencies:
      get-value "^2.0.3"
      has-values "^0.1.4"
      isobject "^2.0.0"
  
  has-value@^1.0.0:
    version "1.0.0"
    resolved "https://registry.yarnpkg.com/has-value/-/has-value-1.0.0.tgz#18b281da585b1c5c51def24c930ed29a0be6b177"
    dependencies:
      get-value "^2.0.6"
      has-values "^1.0.0"
      isobject "^3.0.0"
  
  has-values@^0.1.4:
    version "0.1.4"
    resolved "https://registry.yarnpkg.com/has-values/-/has-values-0.1.4.tgz#6d61de95d91dfca9b9a02089ad384bff8f62b771"
  
  has-values@^1.0.0:
    version "1.0.0"
    resolved "https://registry.yarnpkg.com/has-values/-/has-values-1.0.0.tgz#95b0b63fec2146619a6fe57fe75628d5a39efe4f"
    dependencies:
      is-number "^3.0.0"
      kind-of "^4.0.0"
  
  has@^1.0.0:
    version "1.0.3"
    resolved "https://registry.yarnpkg.com/has/-/has-1.0.3.tgz#722d7cbfc1f6aa8241f16dd814e011e1f41e8796"
    dependencies:
      function-bind "^1.1.1"
  
  hash-base@^3.0.0:
    version "3.0.4"
    resolved "https://registry.yarnpkg.com/hash-base/-/hash-base-3.0.4.tgz#5fc8686847ecd73499403319a6b0a3f3f6ae4918"
    dependencies:
      inherits "^2.0.1"
      safe-buffer "^5.0.1"
  
  hash.js@^1.0.0, hash.js@^1.0.3:
    version "1.1.7"
    resolved "https://registry.yarnpkg.com/hash.js/-/hash.js-1.1.7.tgz#0babca538e8d4ee4a0f8988d68866537a003cf42"
    dependencies:
      inherits "^2.0.3"
      minimalistic-assert "^1.0.1"
  
  hmac-drbg@^1.0.0:
    version "1.0.1"
    resolved "https://registry.yarnpkg.com/hmac-drbg/-/hmac-drbg-1.0.1.tgz#d2745701025a6c775a6c545793ed502fc0c649a1"
    dependencies:
      hash.js "^1.0.3"
      minimalistic-assert "^1.0.0"
      minimalistic-crypto-utils "^1.0.1"
  
  htmlescape@^1.1.0:
    version "1.1.1"
    resolved "https://registry.yarnpkg.com/htmlescape/-/htmlescape-1.1.1.tgz#3a03edc2214bca3b66424a3e7959349509cb0351"
  
  https-browserify@^1.0.0:
    version "1.0.0"
    resolved "https://registry.yarnpkg.com/https-browserify/-/https-browserify-1.0.0.tgz#ec06c10e0a34c0f2faf199f7fd7fc78fffd03c73"
  
  iconv-lite@^0.4.4:
    version "0.4.24"
    resolved "https://registry.yarnpkg.com/iconv-lite/-/iconv-lite-0.4.24.tgz#2022b4b25fbddc21d2f524974a474aafe733908b"
    dependencies:
      safer-buffer ">= 2.1.2 < 3"
  
  ieee754@^1.1.4:
    version "1.1.13"
    resolved "https://registry.yarnpkg.com/ieee754/-/ieee754-1.1.13.tgz#ec168558e95aa181fd87d37f55c32bbcb6708b84"
  
  ignore-walk@^3.0.1:
    version "3.0.3"
    resolved "https://registry.yarnpkg.com/ignore-walk/-/ignore-walk-3.0.3.tgz#017e2447184bfeade7c238e4aefdd1e8f95b1e37"
    dependencies:
      minimatch "^3.0.4"
  
  inflight@^1.0.4:
    version "1.0.6"
    resolved "https://registry.yarnpkg.com/inflight/-/inflight-1.0.6.tgz#49bd6331d7d02d0c09bc910a1075ba8165b56df9"
    dependencies:
      once "^1.3.0"
      wrappy "1"
  
  inherits@2, inherits@^2.0.1, inherits@^2.0.3, inherits@~2.0.1, inherits@~2.0.3:
    version "2.0.4"
    resolved "https://registry.yarnpkg.com/inherits/-/inherits-2.0.4.tgz#0fa2c64f932917c3433a0ded55363aae37416b7c"
  
  inherits@2.0.1:
    version "2.0.1"
    resolved "https://registry.yarnpkg.com/inherits/-/inherits-2.0.1.tgz#b17d08d326b4423e568eff719f91b0b1cbdf69f1"
  
  inherits@2.0.3:
    version "2.0.3"
    resolved "https://registry.yarnpkg.com/inherits/-/inherits-2.0.3.tgz#633c2c83e3da42a502f52466022480f4208261de"
  
  ini@~1.3.0:
    version "1.3.5"
    resolved "https://registry.yarnpkg.com/ini/-/ini-1.3.5.tgz#eee25f56db1c9ec6085e0c22778083f596abf927"
  
  inline-source-map@~0.6.0:
    version "0.6.2"
    resolved "https://registry.yarnpkg.com/inline-source-map/-/inline-source-map-0.6.2.tgz#f9393471c18a79d1724f863fa38b586370ade2a5"
    dependencies:
      source-map "~0.5.3"
  
  insert-module-globals@^7.0.0:
    version "7.2.0"
    resolved "https://registry.yarnpkg.com/insert-module-globals/-/insert-module-globals-7.2.0.tgz#ec87e5b42728479e327bd5c5c71611ddfb4752ba"
    dependencies:
      JSONStream "^1.0.3"
      acorn-node "^1.5.2"
      combine-source-map "^0.8.0"
      concat-stream "^1.6.1"
      is-buffer "^1.1.0"
      path-is-absolute "^1.0.1"
      process "~0.11.0"
      through2 "^2.0.0"
      undeclared-identifiers "^1.1.2"
      xtend "^4.0.0"
  
  is-accessor-descriptor@^0.1.6:
    version "0.1.6"
    resolved "https://registry.yarnpkg.com/is-accessor-descriptor/-/is-accessor-descriptor-0.1.6.tgz#a9e12cb3ae8d876727eeef3843f8a0897b5c98d6"
    dependencies:
      kind-of "^3.0.2"
  
  is-accessor-descriptor@^1.0.0:
    version "1.0.0"
    resolved "https://registry.yarnpkg.com/is-accessor-descriptor/-/is-accessor-descriptor-1.0.0.tgz#169c2f6d3df1f992618072365c9b0ea1f6878656"
    dependencies:
      kind-of "^6.0.0"
  
  is-binary-path@^1.0.0:
    version "1.0.1"
    resolved "https://registry.yarnpkg.com/is-binary-path/-/is-binary-path-1.0.1.tgz#75f16642b480f187a711c814161fd3a4a7655898"
    dependencies:
      binary-extensions "^1.0.0"
  
  is-buffer@^1.1.0, is-buffer@^1.1.5:
    version "1.1.6"
    resolved "https://registry.yarnpkg.com/is-buffer/-/is-buffer-1.1.6.tgz#efaa2ea9daa0d7ab2ea13a97b2b8ad51fefbe8be"
  
  is-data-descriptor@^0.1.4:
    version "0.1.4"
    resolved "https://registry.yarnpkg.com/is-data-descriptor/-/is-data-descriptor-0.1.4.tgz#0b5ee648388e2c860282e793f1856fec3f301b56"
    dependencies:
      kind-of "^3.0.2"
  
  is-data-descriptor@^1.0.0:
    version "1.0.0"
    resolved "https://registry.yarnpkg.com/is-data-descriptor/-/is-data-descriptor-1.0.0.tgz#d84876321d0e7add03990406abbbbd36ba9268c7"
    dependencies:
      kind-of "^6.0.0"
  
  is-descriptor@^0.1.0:
    version "0.1.6"
    resolved "https://registry.yarnpkg.com/is-descriptor/-/is-descriptor-0.1.6.tgz#366d8240dde487ca51823b1ab9f07a10a78251ca"
    dependencies:
      is-accessor-descriptor "^0.1.6"
      is-data-descriptor "^0.1.4"
      kind-of "^5.0.0"
  
  is-descriptor@^1.0.0, is-descriptor@^1.0.2:
    version "1.0.2"
    resolved "https://registry.yarnpkg.com/is-descriptor/-/is-descriptor-1.0.2.tgz#3b159746a66604b04f8c81524ba365c5f14d86ec"
    dependencies:
      is-accessor-descriptor "^1.0.0"
      is-data-descriptor "^1.0.0"
      kind-of "^6.0.2"
  
  is-extendable@^0.1.0, is-extendable@^0.1.1:
    version "0.1.1"
    resolved "https://registry.yarnpkg.com/is-extendable/-/is-extendable-0.1.1.tgz#62b110e289a471418e3ec36a617d472e301dfc89"
  
  is-extendable@^1.0.1:
    version "1.0.1"
    resolved "https://registry.yarnpkg.com/is-extendable/-/is-extendable-1.0.1.tgz#a7470f9e426733d81bd81e1155264e3a3507cab4"
    dependencies:
      is-plain-object "^2.0.4"
  
  is-extglob@^2.1.0, is-extglob@^2.1.1:
    version "2.1.1"
    resolved "https://registry.yarnpkg.com/is-extglob/-/is-extglob-2.1.1.tgz#a88c02535791f02ed37c76a1b9ea9773c833f8c2"
  
  is-fullwidth-code-point@^1.0.0:
    version "1.0.0"
    resolved "https://registry.yarnpkg.com/is-fullwidth-code-point/-/is-fullwidth-code-point-1.0.0.tgz#ef9e31386f031a7f0d643af82fde50c457ef00cb"
    dependencies:
      number-is-nan "^1.0.0"
  
  is-fullwidth-code-point@^2.0.0:
    version "2.0.0"
    resolved "https://registry.yarnpkg.com/is-fullwidth-code-point/-/is-fullwidth-code-point-2.0.0.tgz#a3b30a5c4f199183167aaab93beefae3ddfb654f"
  
  is-glob@^3.1.0:
    version "3.1.0"
    resolved "https://registry.yarnpkg.com/is-glob/-/is-glob-3.1.0.tgz#7ba5ae24217804ac70707b96922567486cc3e84a"
    dependencies:
      is-extglob "^2.1.0"
  
  is-glob@^4.0.0:
    version "4.0.1"
    resolved "https://registry.yarnpkg.com/is-glob/-/is-glob-4.0.1.tgz#7567dbe9f2f5e2467bc77ab83c4a29482407a5dc"
    dependencies:
      is-extglob "^2.1.1"
  
  is-number@^3.0.0:
    version "3.0.0"
    resolved "https://registry.yarnpkg.com/is-number/-/is-number-3.0.0.tgz#24fd6201a4782cf50561c810276afc7d12d71195"
    dependencies:
      kind-of "^3.0.2"
  
  is-plain-object@^2.0.3, is-plain-object@^2.0.4:
    version "2.0.4"
    resolved "https://registry.yarnpkg.com/is-plain-object/-/is-plain-object-2.0.4.tgz#2c163b3fafb1b606d9d17928f05c2a1c38e07677"
    dependencies:
      isobject "^3.0.1"
  
  is-windows@^1.0.2:
    version "1.0.2"
    resolved "https://registry.yarnpkg.com/is-windows/-/is-windows-1.0.2.tgz#d1850eb9791ecd18e6182ce12a30f396634bb19d"
  
  isarray@1.0.0, isarray@~1.0.0:
    version "1.0.0"
    resolved "https://registry.yarnpkg.com/isarray/-/isarray-1.0.0.tgz#bb935d48582cba168c06834957a54a3e07124f11"
  
  isobject@^2.0.0:
    version "2.1.0"
    resolved "https://registry.yarnpkg.com/isobject/-/isobject-2.1.0.tgz#f065561096a3f1da2ef46272f815c840d87e0c89"
    dependencies:
      isarray "1.0.0"
  
  isobject@^3.0.0, isobject@^3.0.1:
    version "3.0.1"
    resolved "https://registry.yarnpkg.com/isobject/-/isobject-3.0.1.tgz#4e431e92b11a9731636aa1f9c8d1ccbcfdab78df"
  
  "js-tokens@^3.0.0 || ^4.0.0":
    version "4.0.0"
    resolved "https://registry.yarnpkg.com/js-tokens/-/js-tokens-4.0.0.tgz#19203fb59991df98e3a287050d4647cdeaf32499"
  
  json-stable-stringify@~0.0.0:
    version "0.0.1"
    resolved "https://registry.yarnpkg.com/json-stable-stringify/-/json-stable-stringify-0.0.1.tgz#611c23e814db375527df851193db59dd2af27f45"
    dependencies:
      jsonify "~0.0.0"
  
  jsonify@~0.0.0:
    version "0.0.0"
    resolved "https://registry.yarnpkg.com/jsonify/-/jsonify-0.0.0.tgz#2c74b6ee41d93ca51b7b5aaee8f503631d252a73"
  
  jsonparse@^1.2.0:
    version "1.3.1"
    resolved "https://registry.yarnpkg.com/jsonparse/-/jsonparse-1.3.1.tgz#3f4dae4a91fac315f71062f8521cc239f1366280"
  
  kind-of@^3.0.2, kind-of@^3.0.3, kind-of@^3.2.0:
    version "3.2.2"
    resolved "https://registry.yarnpkg.com/kind-of/-/kind-of-3.2.2.tgz#31ea21a734bab9bbb0f32466d893aea51e4a3c64"
    dependencies:
      is-buffer "^1.1.5"
  
  kind-of@^4.0.0:
    version "4.0.0"
    resolved "https://registry.yarnpkg.com/kind-of/-/kind-of-4.0.0.tgz#20813df3d712928b207378691a45066fae72dd57"
    dependencies:
      is-buffer "^1.1.5"
  
  kind-of@^5.0.0:
    version "5.1.0"
    resolved "https://registry.yarnpkg.com/kind-of/-/kind-of-5.1.0.tgz#729c91e2d857b7a419a1f9aa65685c4c33f5845d"
  
  kind-of@^6.0.0, kind-of@^6.0.2:
    version "6.0.2"
    resolved "https://registry.yarnpkg.com/kind-of/-/kind-of-6.0.2.tgz#01146b36a6218e64e58f3a8d66de5d7fc6f6d051"
  
  labeled-stream-splicer@^2.0.0:
    version "2.0.2"
    resolved "https://registry.yarnpkg.com/labeled-stream-splicer/-/labeled-stream-splicer-2.0.2.tgz#42a41a16abcd46fd046306cf4f2c3576fffb1c21"
    dependencies:
      inherits "^2.0.1"
      stream-splicer "^2.0.0"
  
  lodash-es@^4.2.1:
    version "4.17.15"
    resolved "https://registry.yarnpkg.com/lodash-es/-/lodash-es-4.17.15.tgz#21bd96839354412f23d7a10340e5eac6ee455d78"
  
  lodash.memoize@~3.0.3:
    version "3.0.4"
    resolved "https://registry.yarnpkg.com/lodash.memoize/-/lodash.memoize-3.0.4.tgz#2dcbd2c287cbc0a55cc42328bd0c736150d53e3f"
  
  lodash@^4.17.15, lodash@^4.2.1:
    version "4.17.15"
    resolved "https://registry.yarnpkg.com/lodash/-/lodash-4.17.15.tgz#b447f6670a0455bbfeedd11392eff330ea097548"
  
  loose-envify@^1.1.0, loose-envify@^1.4.0:
    version "1.4.0"
    resolved "https://registry.yarnpkg.com/loose-envify/-/loose-envify-1.4.0.tgz#71ee51fa7be4caec1a63839f7e682d8132d30caf"
    dependencies:
      js-tokens "^3.0.0 || ^4.0.0"
  
  map-cache@^0.2.2:
    version "0.2.2"
    resolved "https://registry.yarnpkg.com/map-cache/-/map-cache-0.2.2.tgz#c32abd0bd6525d9b051645bb4f26ac5dc98a0dbf"
  
  map-visit@^1.0.0:
    version "1.0.0"
    resolved "https://registry.yarnpkg.com/map-visit/-/map-visit-1.0.0.tgz#ecdca8f13144e660f1b5bd41f12f3479d98dfb8f"
    dependencies:
      object-visit "^1.0.0"
  
  md5.js@^1.3.4:
    version "1.3.5"
    resolved "https://registry.yarnpkg.com/md5.js/-/md5.js-1.3.5.tgz#b5d07b8e3216e3e27cd728d72f70d1e6a342005f"
    dependencies:
      hash-base "^3.0.0"
      inherits "^2.0.1"
      safe-buffer "^5.1.2"
  
  micromatch@^3.1.10, micromatch@^3.1.4:
    version "3.1.10"
    resolved "https://registry.yarnpkg.com/micromatch/-/micromatch-3.1.10.tgz#70859bc95c9840952f359a068a3fc49f9ecfac23"
    dependencies:
      arr-diff "^4.0.0"
      array-unique "^0.3.2"
      braces "^2.3.1"
      define-property "^2.0.2"
      extend-shallow "^3.0.2"
      extglob "^2.0.4"
      fragment-cache "^0.2.1"
      kind-of "^6.0.2"
      nanomatch "^1.2.9"
      object.pick "^1.3.0"
      regex-not "^1.0.0"
      snapdragon "^0.8.1"
      to-regex "^3.0.2"
  
  miller-rabin@^4.0.0:
    version "4.0.1"
    resolved "https://registry.yarnpkg.com/miller-rabin/-/miller-rabin-4.0.1.tgz#f080351c865b0dc562a8462966daa53543c78a4d"
    dependencies:
      bn.js "^4.0.0"
      brorand "^1.0.1"
  
  minimalistic-assert@^1.0.0, minimalistic-assert@^1.0.1:
    version "1.0.1"
    resolved "https://registry.yarnpkg.com/minimalistic-assert/-/minimalistic-assert-1.0.1.tgz#2e194de044626d4a10e7f7fbc00ce73e83e4d5c7"
  
  minimalistic-crypto-utils@^1.0.0, minimalistic-crypto-utils@^1.0.1:
    version "1.0.1"
    resolved "https://registry.yarnpkg.com/minimalistic-crypto-utils/-/minimalistic-crypto-utils-1.0.1.tgz#f6c00c1c0b082246e5c4d99dfb8c7c083b2b582a"
  
  minimatch@^3.0.4:
    version "3.0.4"
    resolved "https://registry.yarnpkg.com/minimatch/-/minimatch-3.0.4.tgz#5166e286457f03306064be5497e8dbb0c3d32083"
    dependencies:
      brace-expansion "^1.1.7"
  
  minimist@0.0.8:
    version "0.0.8"
    resolved "https://registry.yarnpkg.com/minimist/-/minimist-0.0.8.tgz#857fcabfc3397d2625b8228262e86aa7a011b05d"
  
  minimist@^1.1.0, minimist@^1.1.1, minimist@^1.2.0:
    version "1.2.0"
    resolved "https://registry.yarnpkg.com/minimist/-/minimist-1.2.0.tgz#a35008b20f41383eec1fb914f4cd5df79a264284"
  
  minipass@^2.6.0, minipass@^2.8.6, minipass@^2.9.0:
    version "2.9.0"
    resolved "https://registry.yarnpkg.com/minipass/-/minipass-2.9.0.tgz#e713762e7d3e32fed803115cf93e04bca9fcc9a6"
    dependencies:
      safe-buffer "^5.1.2"
      yallist "^3.0.0"
  
  minizlib@^1.2.1:
    version "1.3.3"
    resolved "https://registry.yarnpkg.com/minizlib/-/minizlib-1.3.3.tgz#2290de96818a34c29551c8a8d301216bd65a861d"
    dependencies:
      minipass "^2.9.0"
  
  mixin-deep@^1.2.0:
    version "1.3.2"
    resolved "https://registry.yarnpkg.com/mixin-deep/-/mixin-deep-1.3.2.tgz#1120b43dc359a785dce65b55b82e257ccf479566"
    dependencies:
      for-in "^1.0.2"
      is-extendable "^1.0.1"
  
  mkdirp@^0.5.0, mkdirp@^0.5.1:
    version "0.5.1"
    resolved "https://registry.yarnpkg.com/mkdirp/-/mkdirp-0.5.1.tgz#30057438eac6cf7f8c4767f38648d6697d75c903"
    dependencies:
      minimist "0.0.8"
  
  module-deps@^6.0.0:
    version "6.2.1"
    resolved "https://registry.yarnpkg.com/module-deps/-/module-deps-6.2.1.tgz#cfe558784060e926824f474b4e647287837cda50"
    dependencies:
      JSONStream "^1.0.3"
      browser-resolve "^1.7.0"
      cached-path-relative "^1.0.2"
      concat-stream "~1.6.0"
      defined "^1.0.0"
      detective "^5.0.2"
      duplexer2 "^0.1.2"
      inherits "^2.0.1"
      parents "^1.0.0"
      readable-stream "^2.0.2"
      resolve "^1.4.0"
      stream-combiner2 "^1.1.1"
      subarg "^1.0.0"
      through2 "^2.0.0"
      xtend "^4.0.0"
  
  ms@2.0.0:
    version "2.0.0"
    resolved "https://registry.yarnpkg.com/ms/-/ms-2.0.0.tgz#5608aeadfc00be6c2901df5f9861788de0d597c8"
  
  ms@^2.1.1:
    version "2.1.2"
    resolved "https://registry.yarnpkg.com/ms/-/ms-2.1.2.tgz#d09d1f357b443f493382a8eb3ccd183872ae6009"
  
  nan@^2.12.1:
    version "2.14.0"
    resolved "https://registry.yarnpkg.com/nan/-/nan-2.14.0.tgz#7818f722027b2459a86f0295d434d1fc2336c52c"
  
  nanomatch@^1.2.9:
    version "1.2.13"
    resolved "https://registry.yarnpkg.com/nanomatch/-/nanomatch-1.2.13.tgz#b87a8aa4fc0de8fe6be88895b38983ff265bd119"
    dependencies:
      arr-diff "^4.0.0"
      array-unique "^0.3.2"
      define-property "^2.0.2"
      extend-shallow "^3.0.2"
      fragment-cache "^0.2.1"
      is-windows "^1.0.2"
      kind-of "^6.0.2"
      object.pick "^1.3.0"
      regex-not "^1.0.0"
      snapdragon "^0.8.1"
      to-regex "^3.0.1"
  
  needle@^2.2.1:
    version "2.4.0"
    resolved "https://registry.yarnpkg.com/needle/-/needle-2.4.0.tgz#6833e74975c444642590e15a750288c5f939b57c"
    dependencies:
      debug "^3.2.6"
      iconv-lite "^0.4.4"
      sax "^1.2.4"
  
  node-pre-gyp@^0.12.0:
    version "0.12.0"
    resolved "https://registry.yarnpkg.com/node-pre-gyp/-/node-pre-gyp-0.12.0.tgz#39ba4bb1439da030295f899e3b520b7785766149"
    dependencies:
      detect-libc "^1.0.2"
      mkdirp "^0.5.1"
      needle "^2.2.1"
      nopt "^4.0.1"
      npm-packlist "^1.1.6"
      npmlog "^4.0.2"
      rc "^1.2.7"
      rimraf "^2.6.1"
      semver "^5.3.0"
      tar "^4"
  
  nopt@^4.0.1:
    version "4.0.1"
    resolved "https://registry.yarnpkg.com/nopt/-/nopt-4.0.1.tgz#d0d4685afd5415193c8c7505602d0d17cd64474d"
    dependencies:
      abbrev "1"
      osenv "^0.1.4"
  
  normalize-path@^2.1.1:
    version "2.1.1"
    resolved "https://registry.yarnpkg.com/normalize-path/-/normalize-path-2.1.1.tgz#1ab28b556e198363a8c1a6f7e6fa20137fe6aed9"
    dependencies:
      remove-trailing-separator "^1.0.1"
  
  normalize-path@^3.0.0:
    version "3.0.0"
    resolved "https://registry.yarnpkg.com/normalize-path/-/normalize-path-3.0.0.tgz#0dcd69ff23a1c9b11fd0978316644a0388216a65"
  
  npm-bundled@^1.0.1:
    version "1.1.1"
    resolved "https://registry.yarnpkg.com/npm-bundled/-/npm-bundled-1.1.1.tgz#1edd570865a94cdb1bc8220775e29466c9fb234b"
    dependencies:
      npm-normalize-package-bin "^1.0.1"
  
  npm-normalize-package-bin@^1.0.1:
    version "1.0.1"
    resolved "https://registry.yarnpkg.com/npm-normalize-package-bin/-/npm-normalize-package-bin-1.0.1.tgz#6e79a41f23fd235c0623218228da7d9c23b8f6e2"
  
  npm-packlist@^1.1.6:
    version "1.4.7"
    resolved "https://registry.yarnpkg.com/npm-packlist/-/npm-packlist-1.4.7.tgz#9e954365a06b80b18111ea900945af4f88ed4848"
    dependencies:
      ignore-walk "^3.0.1"
      npm-bundled "^1.0.1"
  
  npmlog@^4.0.2:
    version "4.1.2"
    resolved "https://registry.yarnpkg.com/npmlog/-/npmlog-4.1.2.tgz#08a7f2a8bf734604779a9efa4ad5cc717abb954b"
    dependencies:
      are-we-there-yet "~1.1.2"
      console-control-strings "~1.1.0"
      gauge "~2.7.3"
      set-blocking "~2.0.0"
  
  number-is-nan@^1.0.0:
    version "1.0.1"
    resolved "https://registry.yarnpkg.com/number-is-nan/-/number-is-nan-1.0.1.tgz#097b602b53422a522c1afb8790318336941a011d"
  
  object-assign@^4.1.0, object-assign@^4.1.1:
    version "4.1.1"
    resolved "https://registry.yarnpkg.com/object-assign/-/object-assign-4.1.1.tgz#2109adc7965887cfc05cbbd442cac8bfbb360863"
  
  object-copy@^0.1.0:
    version "0.1.0"
    resolved "https://registry.yarnpkg.com/object-copy/-/object-copy-0.1.0.tgz#7e7d858b781bd7c991a41ba975ed3812754e998c"
    dependencies:
      copy-descriptor "^0.1.0"
      define-property "^0.2.5"
      kind-of "^3.0.3"
  
  object-visit@^1.0.0:
    version "1.0.1"
    resolved "https://registry.yarnpkg.com/object-visit/-/object-visit-1.0.1.tgz#f79c4493af0c5377b59fe39d395e41042dd045bb"
    dependencies:
      isobject "^3.0.0"
  
  object.pick@^1.3.0:
    version "1.3.0"
    resolved "https://registry.yarnpkg.com/object.pick/-/object.pick-1.3.0.tgz#87a10ac4c1694bd2e1cbf53591a66141fb5dd747"
    dependencies:
      isobject "^3.0.1"
  
  once@^1.3.0:
    version "1.4.0"
    resolved "https://registry.yarnpkg.com/once/-/once-1.4.0.tgz#583b1aa775961d4b113ac17d9c50baef9dd76bd1"
    dependencies:
      wrappy "1"
  
  os-browserify@~0.3.0:
    version "0.3.0"
    resolved "https://registry.yarnpkg.com/os-browserify/-/os-browserify-0.3.0.tgz#854373c7f5c2315914fc9bfc6bd8238fdda1ec27"
  
  os-homedir@^1.0.0:
    version "1.0.2"
    resolved "https://registry.yarnpkg.com/os-homedir/-/os-homedir-1.0.2.tgz#ffbc4988336e0e833de0c168c7ef152121aa7fb3"
  
  os-tmpdir@^1.0.0:
    version "1.0.2"
    resolved "https://registry.yarnpkg.com/os-tmpdir/-/os-tmpdir-1.0.2.tgz#bbe67406c79aa85c5cfec766fe5734555dfa1274"
  
  osenv@^0.1.4:
    version "0.1.5"
    resolved "https://registry.yarnpkg.com/osenv/-/osenv-0.1.5.tgz#85cdfafaeb28e8677f416e287592b5f3f49ea410"
    dependencies:
      os-homedir "^1.0.0"
      os-tmpdir "^1.0.0"
  
  outpipe@^1.1.0:
    version "1.1.1"
    resolved "https://registry.yarnpkg.com/outpipe/-/outpipe-1.1.1.tgz#50cf8616365e87e031e29a5ec9339a3da4725fa2"
    dependencies:
      shell-quote "^1.4.2"
  
  pako@~1.0.5:
    version "1.0.10"
    resolved "https://registry.yarnpkg.com/pako/-/pako-1.0.10.tgz#4328badb5086a426aa90f541977d4955da5c9732"
  
  parents@^1.0.0, parents@^1.0.1:
    version "1.0.1"
    resolved "https://registry.yarnpkg.com/parents/-/parents-1.0.1.tgz#fedd4d2bf193a77745fe71e371d73c3307d9c751"
    dependencies:
      path-platform "~0.11.15"
  
  parse-asn1@^5.0.0:
    version "5.1.5"
    resolved "https://registry.yarnpkg.com/parse-asn1/-/parse-asn1-5.1.5.tgz#003271343da58dc94cace494faef3d2147ecea0e"
    dependencies:
      asn1.js "^4.0.0"
      browserify-aes "^1.0.0"
      create-hash "^1.1.0"
      evp_bytestokey "^1.0.0"
      pbkdf2 "^3.0.3"
      safe-buffer "^5.1.1"
  
  pascalcase@^0.1.1:
    version "0.1.1"
    resolved "https://registry.yarnpkg.com/pascalcase/-/pascalcase-0.1.1.tgz#b363e55e8006ca6fe21784d2db22bd15d7917f14"
  
  path-browserify@~0.0.0:
    version "0.0.1"
    resolved "https://registry.yarnpkg.com/path-browserify/-/path-browserify-0.0.1.tgz#e6c4ddd7ed3aa27c68a20cc4e50e1a4ee83bbc4a"
  
  path-dirname@^1.0.0:
    version "1.0.2"
    resolved "https://registry.yarnpkg.com/path-dirname/-/path-dirname-1.0.2.tgz#cc33d24d525e099a5388c0336c6e32b9160609e0"
  
  path-is-absolute@^1.0.0, path-is-absolute@^1.0.1:
    version "1.0.1"
    resolved "https://registry.yarnpkg.com/path-is-absolute/-/path-is-absolute-1.0.1.tgz#174b9268735534ffbc7ace6bf53a5a9e1b5c5f5f"
  
  path-parse@^1.0.6:
    version "1.0.6"
    resolved "https://registry.yarnpkg.com/path-parse/-/path-parse-1.0.6.tgz#d62dbb5679405d72c4737ec58600e9ddcf06d24c"
  
  path-platform@~0.11.15:
    version "0.11.15"
    resolved "https://registry.yarnpkg.com/path-platform/-/path-platform-0.11.15.tgz#e864217f74c36850f0852b78dc7bf7d4a5721bf2"
  
  pbkdf2@^3.0.3:
    version "3.0.17"
    resolved "https://registry.yarnpkg.com/pbkdf2/-/pbkdf2-3.0.17.tgz#976c206530617b14ebb32114239f7b09336e93a6"
    dependencies:
      create-hash "^1.1.2"
      create-hmac "^1.1.4"
      ripemd160 "^2.0.1"
      safe-buffer "^5.0.1"
      sha.js "^2.4.8"
  
  posix-character-classes@^0.1.0:
    version "0.1.1"
    resolved "https://registry.yarnpkg.com/posix-character-classes/-/posix-character-classes-0.1.1.tgz#01eac0fe3b5af71a2a6c02feabb8c1fef7e00eab"
  
  process-nextick-args@~2.0.0:
    version "2.0.1"
    resolved "https://registry.yarnpkg.com/process-nextick-args/-/process-nextick-args-2.0.1.tgz#7820d9b16120cc55ca9ae7792680ae7dba6d7fe2"
  
  process@~0.11.0:
    version "0.11.10"
    resolved "https://registry.yarnpkg.com/process/-/process-0.11.10.tgz#7332300e840161bda3e69a1d1d91a7d4bc16f182"
  
  public-encrypt@^4.0.0:
    version "4.0.3"
    resolved "https://registry.yarnpkg.com/public-encrypt/-/public-encrypt-4.0.3.tgz#4fcc9d77a07e48ba7527e7cbe0de33d0701331e0"
    dependencies:
      bn.js "^4.1.0"
      browserify-rsa "^4.0.0"
      create-hash "^1.1.0"
      parse-asn1 "^5.0.0"
      randombytes "^2.0.1"
      safe-buffer "^5.1.2"
  
  punycode@1.3.2:
    version "1.3.2"
    resolved "https://registry.yarnpkg.com/punycode/-/punycode-1.3.2.tgz#9653a036fb7c1ee42342f2325cceefea3926c48d"
  
  punycode@^1.3.2:
    version "1.4.1"
    resolved "https://registry.yarnpkg.com/punycode/-/punycode-1.4.1.tgz#c0d5a63b2718800ad8e1eb0fa5269c84dd41845e"
  
  querystring-es3@~0.2.0:
    version "0.2.1"
    resolved "https://registry.yarnpkg.com/querystring-es3/-/querystring-es3-0.2.1.tgz#9ec61f79049875707d69414596fd907a4d711e73"
  
  querystring@0.2.0:
    version "0.2.0"
    resolved "https://registry.yarnpkg.com/querystring/-/querystring-0.2.0.tgz#b209849203bb25df820da756e747005878521620"
  
  randombytes@^2.0.0, randombytes@^2.0.1, randombytes@^2.0.5:
    version "2.1.0"
    resolved "https://registry.yarnpkg.com/randombytes/-/randombytes-2.1.0.tgz#df6f84372f0270dc65cdf6291349ab7a473d4f2a"
    dependencies:
      safe-buffer "^5.1.0"
  
  randomfill@^1.0.3:
    version "1.0.4"
    resolved "https://registry.yarnpkg.com/randomfill/-/randomfill-1.0.4.tgz#c92196fc86ab42be983f1bf31778224931d61458"
    dependencies:
      randombytes "^2.0.5"
      safe-buffer "^5.1.0"
  
  rc@^1.2.7:
    version "1.2.8"
    resolved "https://registry.yarnpkg.com/rc/-/rc-1.2.8.tgz#cd924bf5200a075b83c188cd6b9e211b7fc0d3ed"
    dependencies:
      deep-extend "^0.6.0"
      ini "~1.3.0"
      minimist "^1.2.0"
      strip-json-comments "~2.0.1"
  
  read-only-stream@^2.0.0:
    version "2.0.0"
    resolved "https://registry.yarnpkg.com/read-only-stream/-/read-only-stream-2.0.0.tgz#2724fd6a8113d73764ac288d4386270c1dbf17f0"
    dependencies:
      readable-stream "^2.0.2"
  
  readable-stream@^2.0.2, readable-stream@^2.0.6, readable-stream@^2.2.2, readable-stream@~2.3.6:
    version "2.3.6"
    resolved "https://registry.yarnpkg.com/readable-stream/-/readable-stream-2.3.6.tgz#b11c27d88b8ff1fbe070643cf94b0c79ae1b0aaf"
    dependencies:
      core-util-is "~1.0.0"
      inherits "~2.0.3"
      isarray "~1.0.0"
      process-nextick-args "~2.0.0"
      safe-buffer "~5.1.1"
      string_decoder "~1.1.1"
      util-deprecate "~1.0.1"
  
  readable-stream@^3.0.6:
    version "3.4.0"
    resolved "https://registry.yarnpkg.com/readable-stream/-/readable-stream-3.4.0.tgz#a51c26754658e0a3c21dbf59163bd45ba6f447fc"
    dependencies:
      inherits "^2.0.3"
      string_decoder "^1.1.1"
      util-deprecate "^1.0.1"
  
  readdirp@^2.2.1:
    version "2.2.1"
    resolved "https://registry.yarnpkg.com/readdirp/-/readdirp-2.2.1.tgz#0e87622a3325aa33e892285caf8b4e846529a525"
    dependencies:
      graceful-fs "^4.1.11"
      micromatch "^3.1.10"
      readable-stream "^2.0.2"
  
  redux-undo@^0.6.1:
    version "0.6.1"
    resolved "https://registry.yarnpkg.com/redux-undo/-/redux-undo-0.6.1.tgz#ff407749b8f468bead636e413819e92c0982eeca"
    dependencies:
      redux "^3.0.2"
  
  redux@^3.0.2:
    version "3.7.2"
    resolved "https://registry.yarnpkg.com/redux/-/redux-3.7.2.tgz#06b73123215901d25d065be342eb026bc1c8537b"
    dependencies:
      lodash "^4.2.1"
      lodash-es "^4.2.1"
      loose-envify "^1.1.0"
      symbol-observable "^1.0.3"
  
  redux@^4.0.4:
    version "4.0.4"
    resolved "https://registry.yarnpkg.com/redux/-/redux-4.0.4.tgz#4ee1aeb164b63d6a1bcc57ae4aa0b6e6fa7a3796"
    dependencies:
      loose-envify "^1.4.0"
      symbol-observable "^1.2.0"
  
  regex-not@^1.0.0, regex-not@^1.0.2:
    version "1.0.2"
    resolved "https://registry.yarnpkg.com/regex-not/-/regex-not-1.0.2.tgz#1f4ece27e00b0b65e0247a6810e6a85d83a5752c"
    dependencies:
      extend-shallow "^3.0.2"
      safe-regex "^1.1.0"
  
  remove-trailing-separator@^1.0.1:
    version "1.1.0"
    resolved "https://registry.yarnpkg.com/remove-trailing-separator/-/remove-trailing-separator-1.1.0.tgz#c24bce2a283adad5bc3f58e0d48249b92379d8ef"
  
  repeat-element@^1.1.2:
    version "1.1.3"
    resolved "https://registry.yarnpkg.com/repeat-element/-/repeat-element-1.1.3.tgz#782e0d825c0c5a3bb39731f84efee6b742e6b1ce"
  
  repeat-string@^1.6.1:
    version "1.6.1"
    resolved "https://registry.yarnpkg.com/repeat-string/-/repeat-string-1.6.1.tgz#8dcae470e1c88abc2d600fff4a776286da75e637"
  
  resolve-url@^0.2.1:
    version "0.2.1"
    resolved "https://registry.yarnpkg.com/resolve-url/-/resolve-url-0.2.1.tgz#2c637fe77c893afd2a663fe21aa9080068e2052a"
  
  resolve@1.1.7:
    version "1.1.7"
    resolved "https://registry.yarnpkg.com/resolve/-/resolve-1.1.7.tgz#203114d82ad2c5ed9e8e0411b3932875e889e97b"
  
  resolve@^1.1.4, resolve@^1.4.0:
    version "1.13.1"
    resolved "https://registry.yarnpkg.com/resolve/-/resolve-1.13.1.tgz#be0aa4c06acd53083505abb35f4d66932ab35d16"
    dependencies:
      path-parse "^1.0.6"
  
  ret@~0.1.10:
    version "0.1.15"
    resolved "https://registry.yarnpkg.com/ret/-/ret-0.1.15.tgz#b8a4825d5bdb1fc3f6f53c2bc33f81388681c7bc"
  
  rimraf@^2.6.1:
    version "2.7.1"
    resolved "https://registry.yarnpkg.com/rimraf/-/rimraf-2.7.1.tgz#35797f13a7fdadc566142c29d4f07ccad483e3ec"
    dependencies:
      glob "^7.1.3"
  
  ripemd160@^2.0.0, ripemd160@^2.0.1:
    version "2.0.2"
    resolved "https://registry.yarnpkg.com/ripemd160/-/ripemd160-2.0.2.tgz#a1c1a6f624751577ba5d07914cbc92850585890c"
    dependencies:
      hash-base "^3.0.0"
      inherits "^2.0.1"
  
  rxjs@^6.5.3:
    version "6.5.3"
    resolved "https://registry.yarnpkg.com/rxjs/-/rxjs-6.5.3.tgz#510e26317f4db91a7eb1de77d9dd9ba0a4899a3a"
    dependencies:
      tslib "^1.9.0"
  
  safe-buffer@^5.0.1, safe-buffer@^5.1.0, safe-buffer@^5.1.1, safe-buffer@^5.1.2, safe-buffer@~5.2.0:
    version "5.2.0"
    resolved "https://registry.yarnpkg.com/safe-buffer/-/safe-buffer-5.2.0.tgz#b74daec49b1148f88c64b68d49b1e815c1f2f519"
  
  safe-buffer@~5.1.0, safe-buffer@~5.1.1:
    version "5.1.2"
    resolved "https://registry.yarnpkg.com/safe-buffer/-/safe-buffer-5.1.2.tgz#991ec69d296e0313747d59bdfd2b745c35f8828d"
  
  safe-regex@^1.1.0:
    version "1.1.0"
    resolved "https://registry.yarnpkg.com/safe-regex/-/safe-regex-1.1.0.tgz#40a3669f3b077d1e943d44629e157dd48023bf2e"
    dependencies:
      ret "~0.1.10"
  
  "safer-buffer@>= 2.1.2 < 3":
    version "2.1.2"
    resolved "https://registry.yarnpkg.com/safer-buffer/-/safer-buffer-2.1.2.tgz#44fa161b0187b9549dd84bb91802f9bd8385cd6a"
  
  sax@^1.2.4:
    version "1.2.4"
    resolved "https://registry.yarnpkg.com/sax/-/sax-1.2.4.tgz#2816234e2378bddc4e5354fab5caa895df7100d9"
  
  semver@^5.3.0:
    version "5.7.1"
    resolved "https://registry.yarnpkg.com/semver/-/semver-5.7.1.tgz#a954f931aeba508d307bbf069eff0c01c96116f7"
  
  set-blocking@~2.0.0:
    version "2.0.0"
    resolved "https://registry.yarnpkg.com/set-blocking/-/set-blocking-2.0.0.tgz#045f9782d011ae9a6803ddd382b24392b3d890f7"
  
  set-value@^2.0.0, set-value@^2.0.1:
    version "2.0.1"
    resolved "https://registry.yarnpkg.com/set-value/-/set-value-2.0.1.tgz#a18d40530e6f07de4228c7defe4227af8cad005b"
    dependencies:
      extend-shallow "^2.0.1"
      is-extendable "^0.1.1"
      is-plain-object "^2.0.3"
      split-string "^3.0.1"
  
  sha.js@^2.4.0, sha.js@^2.4.8, sha.js@~2.4.4:
    version "2.4.11"
    resolved "https://registry.yarnpkg.com/sha.js/-/sha.js-2.4.11.tgz#37a5cf0b81ecbc6943de109ba2960d1b26584ae7"
    dependencies:
      inherits "^2.0.1"
      safe-buffer "^5.0.1"
  
  shasum-object@^1.0.0:
    version "1.0.0"
    resolved "https://registry.yarnpkg.com/shasum-object/-/shasum-object-1.0.0.tgz#0b7b74ff5b66ecf9035475522fa05090ac47e29e"
    dependencies:
      fast-safe-stringify "^2.0.7"
  
  shasum@^1.0.0:
    version "1.0.2"
    resolved "https://registry.yarnpkg.com/shasum/-/shasum-1.0.2.tgz#e7012310d8f417f4deb5712150e5678b87ae565f"
    dependencies:
      json-stable-stringify "~0.0.0"
      sha.js "~2.4.4"
  
  shell-quote@^1.4.2, shell-quote@^1.6.1:
    version "1.7.2"
    resolved "https://registry.yarnpkg.com/shell-quote/-/shell-quote-1.7.2.tgz#67a7d02c76c9da24f99d20808fcaded0e0e04be2"
  
  signal-exit@^3.0.0:
    version "3.0.2"
    resolved "https://registry.yarnpkg.com/signal-exit/-/signal-exit-3.0.2.tgz#b5fdc08f1287ea1178628e415e25132b73646c6d"
  
  simple-concat@^1.0.0:
    version "1.0.0"
    resolved "https://registry.yarnpkg.com/simple-concat/-/simple-concat-1.0.0.tgz#7344cbb8b6e26fb27d66b2fc86f9f6d5997521c6"
  
  snapdragon-node@^2.0.1:
    version "2.1.1"
    resolved "https://registry.yarnpkg.com/snapdragon-node/-/snapdragon-node-2.1.1.tgz#6c175f86ff14bdb0724563e8f3c1b021a286853b"
    dependencies:
      define-property "^1.0.0"
      isobject "^3.0.0"
      snapdragon-util "^3.0.1"
  
  snapdragon-util@^3.0.1:
    version "3.0.1"
    resolved "https://registry.yarnpkg.com/snapdragon-util/-/snapdragon-util-3.0.1.tgz#f956479486f2acd79700693f6f7b805e45ab56e2"
    dependencies:
      kind-of "^3.2.0"
  
  snapdragon@^0.8.1:
    version "0.8.2"
    resolved "https://registry.yarnpkg.com/snapdragon/-/snapdragon-0.8.2.tgz#64922e7c565b0e14204ba1aa7d6964278d25182d"
    dependencies:
      base "^0.11.1"
      debug "^2.2.0"
      define-property "^0.2.5"
      extend-shallow "^2.0.1"
      map-cache "^0.2.2"
      source-map "^0.5.6"
      source-map-resolve "^0.5.0"
      use "^3.1.0"
  
  source-map-resolve@^0.5.0:
    version "0.5.2"
    resolved "https://registry.yarnpkg.com/source-map-resolve/-/source-map-resolve-0.5.2.tgz#72e2cc34095543e43b2c62b2c4c10d4a9054f259"
    dependencies:
      atob "^2.1.1"
      decode-uri-component "^0.2.0"
      resolve-url "^0.2.1"
      source-map-url "^0.4.0"
      urix "^0.1.0"
  
  source-map-url@^0.4.0:
    version "0.4.0"
    resolved "https://registry.yarnpkg.com/source-map-url/-/source-map-url-0.4.0.tgz#3e935d7ddd73631b97659956d55128e87b5084a3"
  
  source-map@^0.5.6, source-map@~0.5.3:
    version "0.5.7"
    resolved "https://registry.yarnpkg.com/source-map/-/source-map-0.5.7.tgz#8a039d2d1021d22d1ea14c80d8ea468ba2ef3fcc"
  
  split-string@^3.0.1, split-string@^3.0.2:
    version "3.1.0"
    resolved "https://registry.yarnpkg.com/split-string/-/split-string-3.1.0.tgz#7cb09dda3a86585705c64b39a6466038682e8fe2"
    dependencies:
      extend-shallow "^3.0.0"
  
  static-extend@^0.1.1:
    version "0.1.2"
    resolved "https://registry.yarnpkg.com/static-extend/-/static-extend-0.1.2.tgz#60809c39cbff55337226fd5e0b520f341f1fb5c6"
    dependencies:
      define-property "^0.2.5"
      object-copy "^0.1.0"
  
  stream-browserify@^2.0.0:
    version "2.0.2"
    resolved "https://registry.yarnpkg.com/stream-browserify/-/stream-browserify-2.0.2.tgz#87521d38a44aa7ee91ce1cd2a47df0cb49dd660b"
    dependencies:
      inherits "~2.0.1"
      readable-stream "^2.0.2"
  
  stream-combiner2@^1.1.1:
    version "1.1.1"
    resolved "https://registry.yarnpkg.com/stream-combiner2/-/stream-combiner2-1.1.1.tgz#fb4d8a1420ea362764e21ad4780397bebcb41cbe"
    dependencies:
      duplexer2 "~0.1.0"
      readable-stream "^2.0.2"
  
  stream-http@^3.0.0:
    version "3.1.0"
    resolved "https://registry.yarnpkg.com/stream-http/-/stream-http-3.1.0.tgz#22fb33fe9b4056b4eccf58bd8f400c4b993ffe57"
    dependencies:
      builtin-status-codes "^3.0.0"
      inherits "^2.0.1"
      readable-stream "^3.0.6"
      xtend "^4.0.0"
  
  stream-splicer@^2.0.0:
    version "2.0.1"
    resolved "https://registry.yarnpkg.com/stream-splicer/-/stream-splicer-2.0.1.tgz#0b13b7ee2b5ac7e0609a7463d83899589a363fcd"
    dependencies:
      inherits "^2.0.1"
      readable-stream "^2.0.2"
  
  string-width@^1.0.1:
    version "1.0.2"
    resolved "https://registry.yarnpkg.com/string-width/-/string-width-1.0.2.tgz#118bdf5b8cdc51a2a7e70d211e07e2b0b9b107d3"
    dependencies:
      code-point-at "^1.0.0"
      is-fullwidth-code-point "^1.0.0"
      strip-ansi "^3.0.0"
  
  "string-width@^1.0.2 || 2":
    version "2.1.1"
    resolved "https://registry.yarnpkg.com/string-width/-/string-width-2.1.1.tgz#ab93f27a8dc13d28cac815c462143a6d9012ae9e"
    dependencies:
      is-fullwidth-code-point "^2.0.0"
      strip-ansi "^4.0.0"
  
  string_decoder@^1.1.1:
    version "1.3.0"
    resolved "https://registry.yarnpkg.com/string_decoder/-/string_decoder-1.3.0.tgz#42f114594a46cf1a8e30b0a84f56c78c3edac21e"
    dependencies:
      safe-buffer "~5.2.0"
  
  string_decoder@~1.1.1:
    version "1.1.1"
    resolved "https://registry.yarnpkg.com/string_decoder/-/string_decoder-1.1.1.tgz#9cf1611ba62685d7030ae9e4ba34149c3af03fc8"
    dependencies:
      safe-buffer "~5.1.0"
  
  strip-ansi@^3.0.0, strip-ansi@^3.0.1:
    version "3.0.1"
    resolved "https://registry.yarnpkg.com/strip-ansi/-/strip-ansi-3.0.1.tgz#6a385fb8853d952d5ff05d0e8aaf94278dc63dcf"
    dependencies:
      ansi-regex "^2.0.0"
  
  strip-ansi@^4.0.0:
    version "4.0.0"
    resolved "https://registry.yarnpkg.com/strip-ansi/-/strip-ansi-4.0.0.tgz#a8479022eb1ac368a871389b635262c505ee368f"
    dependencies:
      ansi-regex "^3.0.0"
  
  strip-json-comments@~2.0.1:
    version "2.0.1"
    resolved "https://registry.yarnpkg.com/strip-json-comments/-/strip-json-comments-2.0.1.tgz#3c531942e908c2697c0ec344858c286c7ca0a60a"
  
  subarg@^1.0.0:
    version "1.0.0"
    resolved "https://registry.yarnpkg.com/subarg/-/subarg-1.0.0.tgz#f62cf17581e996b48fc965699f54c06ae268b8d2"
    dependencies:
      minimist "^1.1.0"
  
  symbol-observable@^1.0.3, symbol-observable@^1.2.0:
    version "1.2.0"
    resolved "https://registry.yarnpkg.com/symbol-observable/-/symbol-observable-1.2.0.tgz#c22688aed4eab3cdc2dfeacbb561660560a00804"
  
  syntax-error@^1.1.1:
    version "1.4.0"
    resolved "https://registry.yarnpkg.com/syntax-error/-/syntax-error-1.4.0.tgz#2d9d4ff5c064acb711594a3e3b95054ad51d907c"
    dependencies:
      acorn-node "^1.2.0"
  
  tar@^4:
    version "4.4.13"
    resolved "https://registry.yarnpkg.com/tar/-/tar-4.4.13.tgz#43b364bc52888d555298637b10d60790254ab525"
    dependencies:
      chownr "^1.1.1"
      fs-minipass "^1.2.5"
      minipass "^2.8.6"
      minizlib "^1.2.1"
      mkdirp "^0.5.0"
      safe-buffer "^5.1.2"
      yallist "^3.0.3"
  
  through2@^2.0.0:
    version "2.0.5"
    resolved "https://registry.yarnpkg.com/through2/-/through2-2.0.5.tgz#01c1e39eb31d07cb7d03a96a70823260b23132cd"
    dependencies:
      readable-stream "~2.3.6"
      xtend "~4.0.1"
  
  "through@>=2.2.7 <3":
    version "2.3.8"
    resolved "https://registry.yarnpkg.com/through/-/through-2.3.8.tgz#0dd4c9ffaabc357960b1b724115d7e0e86a2e1f5"
  
  timers-browserify@^1.0.1:
    version "1.4.2"
    resolved "https://registry.yarnpkg.com/timers-browserify/-/timers-browserify-1.4.2.tgz#c9c58b575be8407375cb5e2462dacee74359f41d"
    dependencies:
      process "~0.11.0"
  
  to-object-path@^0.3.0:
    version "0.3.0"
    resolved "https://registry.yarnpkg.com/to-object-path/-/to-object-path-0.3.0.tgz#297588b7b0e7e0ac08e04e672f85c1f4999e17af"
    dependencies:
      kind-of "^3.0.2"
  
  to-regex-range@^2.1.0:
    version "2.1.1"
    resolved "https://registry.yarnpkg.com/to-regex-range/-/to-regex-range-2.1.1.tgz#7c80c17b9dfebe599e27367e0d4dd5590141db38"
    dependencies:
      is-number "^3.0.0"
      repeat-string "^1.6.1"
  
  to-regex@^3.0.1, to-regex@^3.0.2:
    version "3.0.2"
    resolved "https://registry.yarnpkg.com/to-regex/-/to-regex-3.0.2.tgz#13cfdd9b336552f30b51f33a8ae1b42a7a7599ce"
    dependencies:
      define-property "^2.0.2"
      extend-shallow "^3.0.2"
      regex-not "^1.0.2"
      safe-regex "^1.1.0"
  
  tslib@^1.9.0:
    version "1.10.0"
    resolved "https://registry.yarnpkg.com/tslib/-/tslib-1.10.0.tgz#c3c19f95973fb0a62973fb09d90d961ee43e5c8a"
  
  tty-browserify@0.0.1:
    version "0.0.1"
    resolved "https://registry.yarnpkg.com/tty-browserify/-/tty-browserify-0.0.1.tgz#3f05251ee17904dfd0677546670db9651682b811"
  
  typedarray@^0.0.6:
    version "0.0.6"
    resolved "https://registry.yarnpkg.com/typedarray/-/typedarray-0.0.6.tgz#867ac74e3864187b1d3d47d996a78ec5c8830777"
  
  umd@^3.0.0:
    version "3.0.3"
    resolved "https://registry.yarnpkg.com/umd/-/umd-3.0.3.tgz#aa9fe653c42b9097678489c01000acb69f0b26cf"
  
  undeclared-identifiers@^1.1.2:
    version "1.1.3"
    resolved "https://registry.yarnpkg.com/undeclared-identifiers/-/undeclared-identifiers-1.1.3.tgz#9254c1d37bdac0ac2b52de4b6722792d2a91e30f"
    dependencies:
      acorn-node "^1.3.0"
      dash-ast "^1.0.0"
      get-assigned-identifiers "^1.2.0"
      simple-concat "^1.0.0"
      xtend "^4.0.1"
  
  union-value@^1.0.0:
    version "1.0.1"
    resolved "https://registry.yarnpkg.com/union-value/-/union-value-1.0.1.tgz#0b6fe7b835aecda61c6ea4d4f02c14221e109847"
    dependencies:
      arr-union "^3.1.0"
      get-value "^2.0.6"
      is-extendable "^0.1.1"
      set-value "^2.0.1"
  
  unset-value@^1.0.0:
    version "1.0.0"
    resolved "https://registry.yarnpkg.com/unset-value/-/unset-value-1.0.0.tgz#8376873f7d2335179ffb1e6fc3a8ed0dfc8ab559"
    dependencies:
      has-value "^0.3.1"
      isobject "^3.0.0"
  
  upath@^1.1.1:
    version "1.2.0"
    resolved "https://registry.yarnpkg.com/upath/-/upath-1.2.0.tgz#8f66dbcd55a883acdae4408af8b035a5044c1894"
  
  urix@^0.1.0:
    version "0.1.0"
    resolved "https://registry.yarnpkg.com/urix/-/urix-0.1.0.tgz#da937f7a62e21fec1fd18d49b35c2935067a6c72"
  
  url@~0.11.0:
    version "0.11.0"
    resolved "https://registry.yarnpkg.com/url/-/url-0.11.0.tgz#3838e97cfc60521eb73c525a8e55bfdd9e2e28f1"
    dependencies:
      punycode "1.3.2"
      querystring "0.2.0"
  
  use@^3.1.0:
    version "3.1.1"
    resolved "https://registry.yarnpkg.com/use/-/use-3.1.1.tgz#d50c8cac79a19fbc20f2911f56eb973f4e10070f"
  
  util-deprecate@^1.0.1, util-deprecate@~1.0.1:
    version "1.0.2"
    resolved "https://registry.yarnpkg.com/util-deprecate/-/util-deprecate-1.0.2.tgz#450d4dc9fa70de732762fbd2d4a28981419a0ccf"
  
  util@0.10.3:
    version "0.10.3"
    resolved "https://registry.yarnpkg.com/util/-/util-0.10.3.tgz#7afb1afe50805246489e3db7fe0ed379336ac0f9"
    dependencies:
      inherits "2.0.1"
  
  util@~0.10.1:
    version "0.10.4"
    resolved "https://registry.yarnpkg.com/util/-/util-0.10.4.tgz#3aa0125bfe668a4672de58857d3ace27ecb76901"
    dependencies:
      inherits "2.0.3"
  
  vm-browserify@^1.0.0:
    version "1.1.2"
    resolved "https://registry.yarnpkg.com/vm-browserify/-/vm-browserify-1.1.2.tgz#78641c488b8e6ca91a75f511e7a3b32a86e5dda0"
  
  watchify@^3.11.1:
    version "3.11.1"
    resolved "https://registry.yarnpkg.com/watchify/-/watchify-3.11.1.tgz#8e4665871fff1ef64c0430d1a2c9d084d9721881"
    dependencies:
      anymatch "^2.0.0"
      browserify "^16.1.0"
      chokidar "^2.1.1"
      defined "^1.0.0"
      outpipe "^1.1.0"
      through2 "^2.0.0"
      xtend "^4.0.0"
  
  wide-align@^1.1.0:
    version "1.1.3"
    resolved "https://registry.yarnpkg.com/wide-align/-/wide-align-1.1.3.tgz#ae074e6bdc0c14a431e804e624549c633b000457"
    dependencies:
      string-width "^1.0.2 || 2"
  
  wrappy@1:
    version "1.0.2"
    resolved "https://registry.yarnpkg.com/wrappy/-/wrappy-1.0.2.tgz#b5243d8f3ec1aa35f1364605bc0d1036e30ab69f"
  
  xtend@^4.0.0, xtend@^4.0.1, xtend@^4.0.2, xtend@~4.0.1:
    version "4.0.2"
    resolved "https://registry.yarnpkg.com/xtend/-/xtend-4.0.2.tgz#bb72779f5fa465186b1f438f674fa347fdb5db54"
  
  yallist@^3.0.0, yallist@^3.0.3:
    version "3.1.1"
    resolved "https://registry.yarnpkg.com/yallist/-/yallist-3.1.1.tgz#dbb7daf9bfd8bac9ab45ebf602b8cbad0d5d08fd"

Trace: 
  Error: EPERM: operation not permitted, unlink 'C:\Users\predrags\AppData\Local\Yarn\cache\v1\npm-rxjs-6.5.3-510e26317f4db91a7eb1de77d9dd9ba0a4899a3a\.yarn-tarball.tgz'
